!SESSION 2025-07-12 23:12:34.935 -----------------------------------------------
eclipse.buildId=20130215
java.version=1.6.0_29
java.vendor=Sun Microsystems Inc.
BootLoader constants: OS=win32, ARCH=x86, WS=win32, NL=en_US
Command-line arguments:  -os win32 -ws win32 -arch x86

!ENTRY org.eclipse.osgi 4 0 2025-07-12 23:12:40.480
!MESSAGE Application error
!STACK 1
java.lang.UnsatisfiedLinkError: Cannot load 32-bit SWT libraries on 64-bit JVM
	at org.eclipse.swt.internal.Library.loadLibrary(Library.java:217)
	at org.eclipse.swt.internal.Library.loadLibrary(Library.java:194)
	at org.eclipse.swt.internal.C.<clinit>(C.java:21)
	at org.eclipse.swt.widgets.Display.<clinit>(Display.java:138)
	at org.eclipse.ui.internal.Workbench.createDisplay(Workbench.java:690)
	at org.eclipse.ui.PlatformUI.createDisplay(PlatformUI.java:161)
	at org.eclipse.ui.internal.ide.application.IDEApplication.createDisplay(IDEApplication.java:153)
	at org.eclipse.ui.internal.ide.application.IDEApplication.start(IDEApplication.java:95)
	at org.eclipse.equinox.internal.app.EclipseAppHandle.run(EclipseAppHandle.java:196)
	at org.eclipse.core.runtime.internal.adaptor.EclipseAppLauncher.runApplication(EclipseAppLauncher.java:110)
	at org.eclipse.core.runtime.internal.adaptor.EclipseAppLauncher.start(EclipseAppLauncher.java:79)
	at org.eclipse.core.runtime.adaptor.EclipseStarter.run(EclipseStarter.java:344)
	at org.eclipse.core.runtime.adaptor.EclipseStarter.run(EclipseStarter.java:179)
	at sun.reflect.NativeMethodAccessorImpl.invoke0(Native Method)
	at sun.reflect.NativeMethodAccessorImpl.invoke(Unknown Source)
	at sun.reflect.DelegatingMethodAccessorImpl.invoke(Unknown Source)
	at java.lang.reflect.Method.invoke(Unknown Source)
	at org.eclipse.equinox.launcher.Main.invokeFramework(Main.java:622)
	at org.eclipse.equinox.launcher.Main.basicRun(Main.java:577)
	at org.eclipse.equinox.launcher.Main.run(Main.java:1410)
	at org.eclipse.equinox.launcher.Main.main(Main.java:1386)
